[2025-01-04 18:56:53,661] 1025 httpx - INFO -HTTP Request: GET https://dagshub.com/api/v1/user "HTTP/1.1 200 OK" 
[2025-01-04 18:56:53,671] 107 dagshub - INFO -Accessing as verseeliafrancis1503 
[2025-01-04 18:56:54,611] 1025 httpx - INFO -HTTP Request: GET https://dagshub.com/api/v1/repos/verseeliafrancis1503/Networksecurity "HTTP/1.1 200 OK" 
[2025-01-04 18:56:55,604] 1025 httpx - INFO -HTTP Request: GET https://dagshub.com/api/v1/user "HTTP/1.1 200 OK" 
[2025-01-04 18:56:55,619] 107 dagshub - INFO -Initialized MLflow to track repo "verseeliafrancis1503/Networksecurity" 
[2025-01-04 18:56:55,620] 107 dagshub - INFO -Repository verseeliafrancis1503/Networksecurity initialized! 
[2025-01-04 19:04:49,477] 42 root - INFO -Start data Ingestion 
[2025-01-04 19:04:58,584] 65 root - INFO -Performed train test split on the dataframe 
[2025-01-04 19:04:58,584] 67 root - INFO -Exited split_data_as_train_test method of Data_Ingestion class 
[2025-01-04 19:04:58,584] 75 root - INFO -Exporting train and test file path. 
[2025-01-04 19:04:58,728] 84 root - INFO -Exported train and test file path. 
[2025-01-04 19:04:58,732] 45 root - INFO -Data Ingestion completed and artifact: DataIngestionArtifact(trained_file_path='Artifacts\\01_04_2025_18_56_48\\data_ingestion\\ingested\\train.csv', test_file_path='Artifacts\\01_04_2025_18_56_48\\data_ingestion\\ingested\\test.csv') 
[2025-01-04 19:04:58,758] 55 root - INFO -Initiate the data Validation 
[2025-01-04 19:04:58,877] 32 root - INFO -Required number of columns:2 
[2025-01-04 19:04:58,877] 33 root - INFO -Data frame has columns:31 
[2025-01-04 19:04:58,877] 32 root - INFO -Required number of columns:2 
[2025-01-04 19:04:58,877] 33 root - INFO -Data frame has columns:31 
[2025-01-04 19:04:59,085] 63 root - INFO -Entered initiate_data_transformation method of DataTransformation class 
[2025-01-04 19:04:59,085] 65 root - INFO -Starting data transformation 
[2025-01-04 19:04:59,122] 48 root - INFO -Entered get_data_trnasformer_object method of Trnasformation class 
[2025-01-04 19:04:59,122] 53 root - INFO -Initialise KNNImputer with {'missing_values': nan, 'n_neighbors': 3, 'weights': 'uniform'} 
[2025-01-04 19:04:59,150] 46 root - INFO -Entered the save_object method of MainUtils class 
[2025-01-04 19:04:59,161] 50 root - INFO -Exited the save_object method of MainUtils class 
[2025-01-04 19:04:59,161] 46 root - INFO -Entered the save_object method of MainUtils class 
[2025-01-04 19:04:59,169] 50 root - INFO -Exited the save_object method of MainUtils class 
[2025-01-04 19:09:24,418] 46 root - INFO -Entered the save_object method of MainUtils class 
[2025-01-04 19:09:24,418] 50 root - INFO -Exited the save_object method of MainUtils class 
[2025-01-04 19:09:24,418] 46 root - INFO -Entered the save_object method of MainUtils class 
[2025-01-04 19:09:24,428] 50 root - INFO -Exited the save_object method of MainUtils class 
[2025-01-04 19:09:24,428] 133 root - INFO -Model trainer artifact: ModelTrainerArtifact(trained_model_file_path='Artifacts\\01_04_2025_18_56_48\\model_trainer\\trained_model\\model.pkl', train_metric_artifact=ClassificationMetricArtifact(f1_score=0.9906145927944293, precision_score=0.9851465274989963, recall_score=0.9961436979906637), test_metric_artifact=ClassificationMetricArtifact(f1_score=0.9754921655283246, precision_score=0.9642573471008737, recall_score=0.9869918699186991)) 
