[2025-01-03 10:55:07,086] 1025 httpx - INFO -HTTP Request: GET https://dagshub.com/api/v1/user "HTTP/1.1 200 OK" 
[2025-01-03 10:55:07,110] 107 dagshub - INFO -Accessing as verseeliafrancis1503 
[2025-01-03 10:55:37,701] 1025 httpx - INFO -HTTP Request: GET https://dagshub.com/api/v1/repos/verseeliafrancis1503/Networksecurity "HTTP/1.1 200 OK" 
[2025-01-03 10:55:40,672] 1025 httpx - INFO -HTTP Request: GET https://dagshub.com/api/v1/user "HTTP/1.1 200 OK" 
[2025-01-03 10:55:40,678] 107 dagshub - INFO -Initialized MLflow to track repo "verseeliafrancis1503/Networksecurity" 
[2025-01-03 10:55:40,678] 107 dagshub - INFO -Repository verseeliafrancis1503/Networksecurity initialized! 
[2025-01-03 10:55:40,681] 20 root - INFO -Initiate the data ingestion 
[2025-01-03 10:55:54,627] 65 root - INFO -Performed train test split on the dataframe 
[2025-01-03 10:55:54,627] 67 root - INFO -Exited split_data_as_train_test method of Data_Ingestion class 
[2025-01-03 10:55:54,627] 75 root - INFO -Exporting train and test file path. 
[2025-01-03 10:55:55,173] 84 root - INFO -Exported train and test file path. 
[2025-01-03 10:55:55,173] 22 root - INFO -Data Initiation Completed 
[2025-01-03 10:55:55,288] 26 root - INFO -Initiate the data Validation 
[2025-01-03 10:55:55,743] 32 root - INFO -Required number of columns:2 
[2025-01-03 10:55:55,743] 33 root - INFO -Data frame has columns:31 
[2025-01-03 10:55:55,752] 32 root - INFO -Required number of columns:2 
[2025-01-03 10:55:55,752] 33 root - INFO -Data frame has columns:31 
[2025-01-03 10:55:57,074] 28 root - INFO -data Validation Completed 
[2025-01-03 10:55:57,082] 31 root - INFO -data Transformation started 
[2025-01-03 10:55:57,082] 63 root - INFO -Entered initiate_data_transformation method of DataTransformation class 
[2025-01-03 10:55:57,082] 65 root - INFO -Starting data transformation 
[2025-01-03 10:55:57,305] 48 root - INFO -Entered get_data_trnasformer_object method of Trnasformation class 
[2025-01-03 10:55:57,306] 53 root - INFO -Initialise KNNImputer with {'missing_values': nan, 'n_neighbors': 3, 'weights': 'uniform'} 
[2025-01-03 10:55:57,359] 46 root - INFO -Entered the save_object method of MainUtils class 
[2025-01-03 10:55:57,373] 50 root - INFO -Exited the save_object method of MainUtils class 
[2025-01-03 10:55:57,374] 46 root - INFO -Entered the save_object method of MainUtils class 
[2025-01-03 10:55:57,380] 50 root - INFO -Exited the save_object method of MainUtils class 
[2025-01-03 10:55:57,389] 35 root - INFO -data Transformation completed 
[2025-01-03 10:55:57,389] 37 root - INFO -Model Training sstared 
[2025-01-03 11:13:51,511] 868 urllib3.connectionpool - WARNING -Retrying (Retry(total=4, connect=5, read=5, redirect=5, status=5)) after connection broken by 'SSLEOFError(8, 'EOF occurred in violation of protocol (_ssl.c:2427)')': /verseeliafrancis1503/Networksecurity.mlflow/api/2.0/mlflow-artifacts/artifacts/4e59e3ba8eec4221b79ace48fed59cce/c4ca2a7c597942aeb1e688e5a6015f79/artifacts/model/model.pkl 
[2025-01-03 11:15:14,284] 46 root - INFO -Entered the save_object method of MainUtils class 
[2025-01-03 11:15:14,287] 50 root - INFO -Exited the save_object method of MainUtils class 
[2025-01-03 11:15:14,287] 46 root - INFO -Entered the save_object method of MainUtils class 
[2025-01-03 11:15:14,425] 50 root - INFO -Exited the save_object method of MainUtils class 
[2025-01-03 11:15:14,448] 133 root - INFO -Model trainer artifact: ModelTrainerArtifact(trained_model_file_path='Artifacts\\01_03_2025_10_54_26\\model_trainer\\trained_model\\model.pkl', train_metric_artifact=ClassificationMetricArtifact(f1_score=0.9905612503805947, precision_score=0.9880542619963555, recall_score=0.9930809930809931), test_metric_artifact=ClassificationMetricArtifact(f1_score=0.9784517158818835, precision_score=0.9707046714172605, recall_score=0.9863234111021721)) 
[2025-01-03 11:15:14,456] 42 root - INFO -Model Training artifact created 
