[2025-01-03 14:05:59,797] 1025 httpx - INFO -HTTP Request: GET https://dagshub.com/api/v1/user "HTTP/1.1 200 OK" 
[2025-01-03 14:05:59,811] 107 dagshub - INFO -Accessing as verseeliafrancis1503 
[2025-01-03 14:06:02,756] 1025 httpx - INFO -HTTP Request: GET https://dagshub.com/api/v1/repos/verseeliafrancis1503/Networksecurity "HTTP/1.1 200 OK" 
[2025-01-03 14:06:06,139] 1025 httpx - INFO -HTTP Request: GET https://dagshub.com/api/v1/user "HTTP/1.1 200 OK" 
[2025-01-03 14:06:06,152] 107 dagshub - INFO -Initialized MLflow to track repo "verseeliafrancis1503/Networksecurity" 
[2025-01-03 14:06:06,155] 107 dagshub - INFO -Repository verseeliafrancis1503/Networksecurity initialized! 
[2025-01-03 14:06:21,846] 41 root - INFO -Start data Ingestion 
[2025-01-03 14:06:30,397] 65 root - INFO -Performed train test split on the dataframe 
[2025-01-03 14:06:30,397] 67 root - INFO -Exited split_data_as_train_test method of Data_Ingestion class 
[2025-01-03 14:06:30,397] 75 root - INFO -Exporting train and test file path. 
[2025-01-03 14:06:30,673] 84 root - INFO -Exported train and test file path. 
[2025-01-03 14:06:30,673] 44 root - INFO -Data Ingestion completed and artifact: DataIngestionArtifact(trained_file_path='Artifacts\\01_03_2025_14_05_31\\data_ingestion\\ingested\\train.csv', test_file_path='Artifacts\\01_03_2025_14_05_31\\data_ingestion\\ingested\\test.csv') 
[2025-01-03 14:06:30,737] 54 root - INFO -Initiate the data Validation 
[2025-01-03 14:06:30,978] 32 root - INFO -Required number of columns:2 
[2025-01-03 14:06:30,978] 33 root - INFO -Data frame has columns:31 
[2025-01-03 14:06:30,978] 32 root - INFO -Required number of columns:2 
[2025-01-03 14:06:30,978] 33 root - INFO -Data frame has columns:31 
[2025-01-03 14:06:31,748] 63 root - INFO -Entered initiate_data_transformation method of DataTransformation class 
[2025-01-03 14:06:31,748] 65 root - INFO -Starting data transformation 
[2025-01-03 14:06:31,849] 48 root - INFO -Entered get_data_trnasformer_object method of Trnasformation class 
[2025-01-03 14:06:31,849] 53 root - INFO -Initialise KNNImputer with {'missing_values': nan, 'n_neighbors': 3, 'weights': 'uniform'} 
[2025-01-03 14:06:31,943] 46 root - INFO -Entered the save_object method of MainUtils class 
[2025-01-03 14:06:31,959] 50 root - INFO -Exited the save_object method of MainUtils class 
[2025-01-03 14:06:31,959] 46 root - INFO -Entered the save_object method of MainUtils class 
[2025-01-03 14:06:31,983] 50 root - INFO -Exited the save_object method of MainUtils class 
[2025-01-03 14:24:43,829] 868 urllib3.connectionpool - WARNING -Retrying (Retry(total=4, connect=5, read=4, redirect=5, status=5)) after connection broken by 'ReadTimeoutError("HTTPSConnectionPool(host='dagshub.com', port=443): Read timed out. (read timeout=120)")': /verseeliafrancis1503/Networksecurity.mlflow/api/2.0/mlflow/runs/create 
[2025-01-03 14:30:43,745] 868 urllib3.connectionpool - WARNING -Retrying (Retry(total=4, connect=5, read=5, redirect=5, status=5)) after connection broken by 'SSLEOFError(8, 'EOF occurred in violation of protocol (_ssl.c:2427)')': /verseeliafrancis1503/Networksecurity.mlflow/api/2.0/mlflow-artifacts/artifacts/4e59e3ba8eec4221b79ace48fed59cce/8b7b957361734c01a3bfb1cbb944c9b2/artifacts/model/model.pkl 
[2025-01-03 14:34:53,562] 868 urllib3.connectionpool - WARNING -Retrying (Retry(total=3, connect=5, read=5, redirect=5, status=5)) after connection broken by 'SSLEOFError(8, 'EOF occurred in violation of protocol (_ssl.c:2427)')': /verseeliafrancis1503/Networksecurity.mlflow/api/2.0/mlflow-artifacts/artifacts/4e59e3ba8eec4221b79ace48fed59cce/8b7b957361734c01a3bfb1cbb944c9b2/artifacts/model/model.pkl 
[2025-01-03 14:37:31,228] 868 urllib3.connectionpool - WARNING -Retrying (Retry(total=2, connect=5, read=5, redirect=5, status=5)) after connection broken by 'SSLEOFError(8, 'EOF occurred in violation of protocol (_ssl.c:2427)')': /verseeliafrancis1503/Networksecurity.mlflow/api/2.0/mlflow-artifacts/artifacts/4e59e3ba8eec4221b79ace48fed59cce/8b7b957361734c01a3bfb1cbb944c9b2/artifacts/model/model.pkl 
[2025-01-03 14:38:49,258] 46 root - INFO -Entered the save_object method of MainUtils class 
[2025-01-03 14:38:49,267] 50 root - INFO -Exited the save_object method of MainUtils class 
[2025-01-03 14:38:49,267] 46 root - INFO -Entered the save_object method of MainUtils class 
[2025-01-03 14:38:49,399] 50 root - INFO -Exited the save_object method of MainUtils class 
[2025-01-03 14:38:49,420] 133 root - INFO -Model trainer artifact: ModelTrainerArtifact(trained_model_file_path='Artifacts\\01_03_2025_14_05_31\\model_trainer\\trained_model\\model.pkl', train_metric_artifact=ClassificationMetricArtifact(f1_score=0.9910514541387024, precision_score=0.9874366767983789, recall_score=0.9946927944478465), test_metric_artifact=ClassificationMetricArtifact(f1_score=0.9718588981371383, precision_score=0.9691699604743083, recall_score=0.9745627980922098)) 
